time="2022-02-11T13:36:25+02:00" level=info msg="logger initialized" func="app.go:29" file="main.main()"
time="2022-02-11T13:36:25+02:00" level=info msg="config initializing" func="app.go:31" file="main.main()"
time="2022-02-11T13:36:25+02:00" level=info msg="read application config" func="config.go:36" file="bitbucket.org/idomteam/idom-api/occupant/internal/config.GetConfig.func1()"
time="2022-02-11T13:36:25+02:00" level=info func="config.go:40" file="bitbucket.org/idomteam/idom-api/occupant/internal/config.GetConfig.func1()"
time="2022-02-11T13:36:25+02:00" level=fatal msg="field \"URL\" is required but the value is not provided" func="config.go:41" file="bitbucket.org/idomteam/idom-api/occupant/internal/config.GetConfig.func1()"
time="2022-02-11T13:37:17+02:00" level=info msg="logger initialized" func="app.go:29" file="main.main()"
time="2022-02-11T13:37:17+02:00" level=info msg="config initializing" func="app.go:31" file="main.main()"
time="2022-02-11T13:37:17+02:00" level=info msg="read application config" func="config.go:27" file="bitbucket.org/idomteam/idom-api/occupant/internal/config.GetConfig.func1()"
time="2022-02-11T13:37:17+02:00" level=info msg="router initializing" func="app.go:34" file="main.main()"
time="2022-02-11T13:37:17+02:00" level=info msg="cache initializing" func="app.go:37" file="main.main()"
time="2022-02-11T13:37:17+02:00" level=info msg="helpers initializing" func="app.go:40" file="main.main()"
time="2022-02-11T13:37:17+02:00" level=info msg="create and register handlers" func="app.go:43" file="main.main()"
time="2022-02-11T13:37:17+02:00" level=info msg="start application" func="app.go:61" file="main.main()"
time="2022-02-11T13:37:17+02:00" level=info msg="bind application to host: 0.0.0.0 and port: 10000" func="app.go:83" file="main.start()"
time="2022-02-11T13:37:17+02:00" level=info msg="application initialized and started" func="app.go:102" file="main.start()"
time="2022-02-11T13:38:01+02:00" level=debug msg="check password and repeat password" func="service.go:35" file="bitbucket.org/idomteam/idom-api/occupant/internal/user.service.Create()"
time="2022-02-11T13:38:01+02:00" level=debug msg="generate password hash" func="service.go:42" file="bitbucket.org/idomteam/idom-api/occupant/internal/user.service.Create()"
time="2022-02-11T13:38:01+02:00" level=info msg="create refresh token" func="helper.go:75" file="bitbucket.org/idomteam/idom-api/occupant/pkg/jwt.(*helper).GenerateAccessToken()"
time="2022-02-11T13:38:33+02:00" level=info msg="create refresh token" func="helper.go:75" file="bitbucket.org/idomteam/idom-api/occupant/pkg/jwt.(*helper).GenerateAccessToken()"
time="2022-02-11T18:56:24+02:00" level=info msg="Caught signal interrupt. Shutting down..." func="shutdown.go:16" file="bitbucket.org/idomteam/idom-api/occupant/pkg/shutdown.Graceful()"
time="2022-02-11T18:56:24+02:00" level=warning msg="server shutdown" func="app.go:107" file="main.start()"
time="2022-02-11T18:57:33+02:00" level=info msg="logger initialized" func="app.go:33" file="main.main()"
time="2022-02-11T18:57:33+02:00" level=info msg="config initializing" func="app.go:35" file="main.main()"
time="2022-02-11T18:57:33+02:00" level=info msg="read application config" func="config.go:27" file="bitbucket.org/idomteam/idom-api/occupant/internal/config.GetConfig.func1()"
time="2022-02-11T18:57:33+02:00" level=info msg="router initializing" func="app.go:38" file="main.main()"
time="2022-02-11T18:57:33+02:00" level=info msg="cache initializing" func="app.go:41" file="main.main()"
time="2022-02-11T18:57:33+02:00" level=info msg="helpers initializing" func="app.go:44" file="main.main()"
time="2022-02-11T18:57:33+02:00" level=info msg="create and register handlers" func="app.go:47" file="main.main()"
time="2022-02-11T18:57:33+02:00" level=info msg="start application" func="app.go:70" file="main.main()"
time="2022-02-11T18:57:33+02:00" level=info msg="bind application to host: 0.0.0.0 and port: 10000" func="app.go:92" file="main.start()"
time="2022-02-11T18:57:33+02:00" level=info msg="application initialized and started" func="app.go:111" file="main.start()"
time="2022-02-11T18:58:10+02:00" level=debug msg="create jwt verifier" func="middleware.go:24" file="bitbucket.org/idomteam/idom-api/occupant/pkg/jwt.Middleware.func1()"
time="2022-02-11T18:58:10+02:00" level=debug msg="parse and verify token" func="middleware.go:32" file="bitbucket.org/idomteam/idom-api/occupant/pkg/jwt.Middleware.func1()"
time="2022-02-11T18:58:10+02:00" level=error msg="jwt: token format is not valid" func="middleware.go:58" file="bitbucket.org/idomteam/idom-api/occupant/pkg/jwt.unauthorized()"
time="2022-02-11T18:58:29+02:00" level=debug msg="check password and repeat password" func="service.go:35" file="bitbucket.org/idomteam/idom-api/occupant/internal/user.service.Create()"
time="2022-02-11T18:58:29+02:00" level=debug msg="generate password hash" func="service.go:42" file="bitbucket.org/idomteam/idom-api/occupant/internal/user.service.Create()"
time="2022-02-11T18:58:29+02:00" level=info msg="create refresh token" func="helper.go:75" file="bitbucket.org/idomteam/idom-api/occupant/pkg/jwt.(*helper).GenerateAccessToken()"
time="2022-02-11T18:58:35+02:00" level=debug msg="create jwt verifier" func="middleware.go:24" file="bitbucket.org/idomteam/idom-api/occupant/pkg/jwt.Middleware.func1()"
time="2022-02-11T18:58:35+02:00" level=debug msg="parse and verify token" func="middleware.go:32" file="bitbucket.org/idomteam/idom-api/occupant/pkg/jwt.Middleware.func1()"
time="2022-02-11T18:58:35+02:00" level=debug msg="parse user claims" func="middleware.go:39" file="bitbucket.org/idomteam/idom-api/occupant/pkg/jwt.Middleware.func1()"
time="2022-02-11T18:58:35+02:00" level=info msg="GET KEY" func="handler.go:28" file="bitbucket.org/idomteam/idom-api/occupant/internal/handlers/keyval.(*Handler).Test()"
time="2022-02-11T18:59:16+02:00" level=debug msg="create jwt verifier" func="middleware.go:24" file="bitbucket.org/idomteam/idom-api/occupant/pkg/jwt.Middleware.func1()"
time="2022-02-11T18:59:16+02:00" level=debug msg="parse and verify token" func="middleware.go:32" file="bitbucket.org/idomteam/idom-api/occupant/pkg/jwt.Middleware.func1()"
time="2022-02-11T18:59:16+02:00" level=debug msg="parse user claims" func="middleware.go:39" file="bitbucket.org/idomteam/idom-api/occupant/pkg/jwt.Middleware.func1()"
time="2022-02-11T18:59:16+02:00" level=info msg="GET KEY" func="handler.go:63" file="bitbucket.org/idomteam/idom-api/occupant/internal/handlers/keyval.(*Handler).SetKey()"
time="2022-02-11T18:59:16+02:00" level=debug msg="get uuid from context" func="handler.go:66" file="bitbucket.org/idomteam/idom-api/occupant/internal/handlers/keyval.(*Handler).SetKey()"
time="2022-02-11T18:59:42+02:00" level=debug msg="create jwt verifier" func="middleware.go:24" file="bitbucket.org/idomteam/idom-api/occupant/pkg/jwt.Middleware.func1()"
time="2022-02-11T18:59:42+02:00" level=debug msg="parse and verify token" func="middleware.go:32" file="bitbucket.org/idomteam/idom-api/occupant/pkg/jwt.Middleware.func1()"
time="2022-02-11T18:59:42+02:00" level=debug msg="parse user claims" func="middleware.go:39" file="bitbucket.org/idomteam/idom-api/occupant/pkg/jwt.Middleware.func1()"
time="2022-02-11T18:59:42+02:00" level=info msg="GET KEY" func="handler.go:63" file="bitbucket.org/idomteam/idom-api/occupant/internal/handlers/keyval.(*Handler).SetKey()"
time="2022-02-11T18:59:42+02:00" level=debug msg="get uuid from context" func="handler.go:66" file="bitbucket.org/idomteam/idom-api/occupant/internal/handlers/keyval.(*Handler).SetKey()"
time="2022-02-11T19:00:03+02:00" level=debug msg="create jwt verifier" func="middleware.go:24" file="bitbucket.org/idomteam/idom-api/occupant/pkg/jwt.Middleware.func1()"
time="2022-02-11T19:00:03+02:00" level=debug msg="parse and verify token" func="middleware.go:32" file="bitbucket.org/idomteam/idom-api/occupant/pkg/jwt.Middleware.func1()"
time="2022-02-11T19:00:03+02:00" level=debug msg="parse user claims" func="middleware.go:39" file="bitbucket.org/idomteam/idom-api/occupant/pkg/jwt.Middleware.func1()"
time="2022-02-11T19:00:03+02:00" level=info msg="GET KEY" func="handler.go:38" file="bitbucket.org/idomteam/idom-api/occupant/internal/handlers/keyval.(*Handler).GetKey()"
time="2022-02-11T19:00:03+02:00" level=debug msg="get uuid from context" func="handler.go:41" file="bitbucket.org/idomteam/idom-api/occupant/internal/handlers/keyval.(*Handler).GetKey()"
time="2022-02-11T19:00:10+02:00" level=debug msg="create jwt verifier" func="middleware.go:24" file="bitbucket.org/idomteam/idom-api/occupant/pkg/jwt.Middleware.func1()"
time="2022-02-11T19:00:10+02:00" level=debug msg="parse and verify token" func="middleware.go:32" file="bitbucket.org/idomteam/idom-api/occupant/pkg/jwt.Middleware.func1()"
time="2022-02-11T19:00:10+02:00" level=error msg="jwt: signature is not valid" func="middleware.go:58" file="bitbucket.org/idomteam/idom-api/occupant/pkg/jwt.unauthorized()"
time="2022-02-11T19:35:19+02:00" level=info msg="Caught signal interrupt. Shutting down..." func="shutdown.go:16" file="bitbucket.org/idomteam/idom-api/occupant/pkg/shutdown.Graceful()"
time="2022-02-11T19:35:19+02:00" level=warning msg="server shutdown" func="app.go:116" file="main.start()"
time="2022-02-16T21:17:35+02:00" level=info msg="logger initialized" func="app.go:33" file="main.main()"
time="2022-02-16T21:17:35+02:00" level=info msg="config initializing" func="app.go:35" file="main.main()"
time="2022-02-16T21:17:35+02:00" level=info msg="read application config" func="config.go:27" file="bitbucket.org/idomteam/idom-api/auth/internal/config.GetConfig.func1()"
time="2022-02-16T21:17:35+02:00" level=info msg="router initializing" func="app.go:38" file="main.main()"
time="2022-02-16T21:17:35+02:00" level=info msg="cache initializing" func="app.go:41" file="main.main()"
time="2022-02-16T21:17:35+02:00" level=info msg="helpers initializing" func="app.go:44" file="main.main()"
time="2022-02-16T21:17:35+02:00" level=info msg="create and register handlers" func="app.go:47" file="main.main()"
time="2022-02-16T21:17:35+02:00" level=info msg="start application" func="app.go:70" file="main.main()"
time="2022-02-16T21:17:35+02:00" level=info msg="bind application to host: 0.0.0.0 and port: 10000" func="app.go:92" file="main.start()"
time="2022-02-16T21:17:35+02:00" level=info msg="application initialized and started" func="app.go:111" file="main.start()"
time="2022-02-16T21:17:38+02:00" level=info msg="Caught signal interrupt. Shutting down..." func="shutdown.go:16" file="bitbucket.org/idomteam/idom-api/auth/pkg/shutdown.Graceful()"
time="2022-02-16T21:17:38+02:00" level=warning msg="server shutdown" func="app.go:116" file="main.start()"
